<?xml version="1.0" encoding="UTF-8"?>
<testng-results skipped="0" failed="0" total="2" passed="2">
  <reporter-output>
  </reporter-output>
  <suite name="Default suite" duration-ms="222" started-at="2017-01-22T17:16:55Z" finished-at="2017-01-22T17:16:55Z">
    <groups>
    </groups>
    <test name="Default test" duration-ms="222" started-at="2017-01-22T17:16:55Z" finished-at="2017-01-22T17:16:55Z">
      <class name="TestAnnotations.PrecticeAnnoation">
        <test-method status="PASS" signature="setup()[pri:0, instance:TestAnnotations.PrecticeAnnoation@5c7fa833]" name="setup" is-config="true" duration-ms="23" started-at="2017-01-22T12:16:55Z" finished-at="2017-01-22T12:16:55Z">
          <reporter-output>
          </reporter-output>
        </test-method> <!-- setup -->
        <test-method status="PASS" signature="loginInvalidUID()[pri:0, instance:TestAnnotations.PrecticeAnnoation@5c7fa833]" name="loginInvalidUID" duration-ms="40" started-at="2017-01-22T12:16:55Z" finished-at="2017-01-22T12:16:55Z">
          <reporter-output>
          </reporter-output>
        </test-method> <!-- loginInvalidUID -->
        <test-method status="PASS" signature="loginWitValidUID()[pri:0, instance:TestAnnotations.PrecticeAnnoation@5c7fa833]" name="loginWitValidUID" duration-ms="7" started-at="2017-01-22T12:16:55Z" finished-at="2017-01-22T12:16:55Z">
          <reporter-output>
          </reporter-output>
        </test-method> <!-- loginWitValidUID -->
      </class> <!-- TestAnnotations.PrecticeAnnoation -->
    </test> <!-- Default test -->
  </suite> <!-- Default suite -->
</testng-results>
